<?xml version="1.0" encoding="UTF-8"?>
<testsuite xmlns:xsi="http://www.w3.org/2001/XMLSchema-instance" xsi:noNamespaceSchemaLocation="https://maven.apache.org/surefire/maven-surefire-plugin/xsd/surefire-test-report-3.0.xsd" version="3.0" name="com.invento.product.service.ProductServiceTests" time="1.772" tests="6" errors="0" skipped="0" failures="0">
  <properties>
[...]
</properties>
  <testcase name="testDeleteProductByIdAndDeletedFalse" classname="com.invento.product.service.ProductServiceTests" time="1.438">
    <system-out><![CDATA[2024-07-06T02:10:26.777+05:30  INFO 6064 --- [           main] c.i.p.service.impl.ProductServiceImpl    : Product with id {} deleted successfully.
]]></system-out>
  </testcase>
  <testcase name="testGetProductByIdAndDeltedTrue" classname="com.invento.product.service.ProductServiceTests" time="0.253"/>
  <testcase name="testUpdateProductAndDeletedFalse" classname="com.invento.product.service.ProductServiceTests" time="0.007">
    <system-out><![CDATA[2024-07-06T02:10:27.073+05:30  INFO 6064 --- [           main] c.i.p.service.impl.ProductServiceImpl    : Product with id {} updated successfully.
]]></system-out>
  </testcase>
  <testcase name="testGetProductByIdAndDeltedFalse" classname="com.invento.product.service.ProductServiceTests" time="0.009"/>
  <testcase name="testAddProduct" classname="com.invento.product.service.ProductServiceTests" time="0.021">
    <system-out><![CDATA[2024-07-06T02:10:27.096+05:30  INFO 6064 --- [           main] c.i.p.service.impl.ProductServiceImpl    : Product created. Product Details: TimestampLogging(createdDate=null, createdBy=null, updatedDate=null, updatedBy=null)
]]></system-out>
  </testcase>
  <testcase name="testGetProductList" classname="com.invento.product.service.ProductServiceTests" time="0.03"/>
</testsuite>