<?xml version="1.0" encoding="UTF-8"?>
<testsuite xmlns:xsi="http://www.w3.org/2001/XMLSchema-instance" xsi:noNamespaceSchemaLocation="https://maven.apache.org/surefire/maven-surefire-plugin/xsd/surefire-test-report-3.0.xsd" version="3.0" name="com.invento.product.controller.ProductControllerTest" time="11.55" tests="10" errors="0" skipped="0" failures="0">
  <properties>
[...]
</properties>
  <testcase name="testSearchProduct" classname="com.invento.product.controller.ProductControllerTest" time="0.734">
    <system-out><![CDATA[02:10:08.322 [main] INFO org.springframework.test.context.support.AnnotationConfigContextLoaderUtils -- Could not detect default configuration classes for test class [com.invento.product.controller.ProductControllerTest]: ProductControllerTest does not declare any static, non-private, non-final, nested classes annotated with @Configuration.
02:10:08.828 [main] INFO org.springframework.boot.test.context.SpringBootTestContextBootstrapper -- Found @SpringBootConfiguration com.invento.product.ProductApplication for test class com.invento.product.controller.ProductControllerTest

  .   ____          _            __ _ _
 /\\ / ___'_ __ _ _(_)_ __  __ _ \ \ \ \
( ( )\___ | '_ | '_| | '_ \/ _` | \ \ \ \
 \\/  ___)| |_)| | | | | || (_| |  ) ) ) )
  '  |____| .__|_| |_|_| |_\__, | / / / /
 =========|_|==============|___/=/_/_/_/
 :: Spring Boot ::                (v3.2.2)

2024-07-06T02:10:12.871+05:30  INFO 6064 --- [           main] c.i.p.controller.ProductControllerTest   : Starting ProductControllerTest using Java 17.0.10 with PID 6064 (started by sagar in C:\Development\Mark 3\product)
2024-07-06T02:10:12.873+05:30  INFO 6064 --- [           main] c.i.p.controller.ProductControllerTest   : No active profile set, falling back to 1 default profile: "default"
2024-07-06T02:10:17.520+05:30  WARN 6064 --- [           main] .s.s.UserDetailsServiceAutoConfiguration : 

Using generated security password: 143e7368-95c6-4ca6-a577-0c41609e0f37

This generated password is for development use only. Your security configuration must be updated before running your application in production.

2024-07-06T02:10:17.913+05:30  INFO 6064 --- [           main] o.s.s.web.DefaultSecurityFilterChain     : Will secure any request with [org.springframework.security.web.session.DisableEncodeUrlFilter@48405f04, org.springframework.security.web.context.request.async.WebAsyncManagerIntegrationFilter@2a7af3d9, org.springframework.security.web.context.SecurityContextHolderFilter@bbc199a, org.springframework.security.web.header.HeaderWriterFilter@37f1d560, org.springframework.web.filter.CorsFilter@1c09a369, org.springframework.security.web.csrf.CsrfFilter@4893a9f0, org.springframework.security.web.authentication.logout.LogoutFilter@470bef04, org.springframework.security.web.authentication.UsernamePasswordAuthenticationFilter@40d22a60, org.springframework.security.web.authentication.ui.DefaultLoginPageGeneratingFilter@3107833, org.springframework.security.web.authentication.ui.DefaultLogoutPageGeneratingFilter@7d968ec1, org.springframework.security.web.authentication.www.BasicAuthenticationFilter@4fb5adb8, org.springframework.security.web.savedrequest.RequestCacheAwareFilter@67964236, org.springframework.security.web.servletapi.SecurityContextHolderAwareRequestFilter@6364e814, org.springframework.security.web.authentication.AnonymousAuthenticationFilter@37e44608, org.springframework.security.web.access.ExceptionTranslationFilter@148d7cfa, org.springframework.security.web.access.intercept.AuthorizationFilter@414749f8]
2024-07-06T02:10:17.998+05:30  INFO 6064 --- [           main] o.s.b.t.m.w.SpringBootMockServletContext : Initializing Spring TestDispatcherServlet ''
2024-07-06T02:10:17.998+05:30  INFO 6064 --- [           main] o.s.t.web.servlet.TestDispatcherServlet  : Initializing Servlet ''
2024-07-06T02:10:18.003+05:30  INFO 6064 --- [           main] o.s.t.web.servlet.TestDispatcherServlet  : Completed initialization in 3 ms
2024-07-06T02:10:18.056+05:30  INFO 6064 --- [           main] c.i.p.controller.ProductControllerTest   : Started ProductControllerTest in 6.434 seconds (process running for 12.332)
]]></system-out>
  </testcase>
  <testcase name="testAddProduct_failed" classname="com.invento.product.controller.ProductControllerTest" time="0.155"/>
  <testcase name="testUpdateProduct" classname="com.invento.product.controller.ProductControllerTest" time="0.011"/>
  <testcase name="testUpdateProduct_failed" classname="com.invento.product.controller.ProductControllerTest" time="0.022">
    <system-out><![CDATA[2024-07-06T02:10:18.996+05:30 ERROR 6064 --- [           main] c.i.p.advice.GlobalExceptionHandler      : No product found with id: 6639dd31e5b7490f597ee80f
]]></system-out>
  </testcase>
  <testcase name="testAddProduct" classname="com.invento.product.controller.ProductControllerTest" time="0.009"/>
  <testcase name="testGetProductById" classname="com.invento.product.controller.ProductControllerTest" time="0.012"/>
  <testcase name="testGetProductList" classname="com.invento.product.controller.ProductControllerTest" time="0.024"/>
  <testcase name="testDeleteProduct" classname="com.invento.product.controller.ProductControllerTest" time="0.011"/>
  <testcase name="testDeleteProduct_failed" classname="com.invento.product.controller.ProductControllerTest" time="0.013">
    <system-out><![CDATA[2024-07-06T02:10:19.089+05:30 ERROR 6064 --- [           main] c.i.p.advice.GlobalExceptionHandler      : No product found with id: 6639dd31e5b7490f597ee80f
]]></system-out>
  </testcase>
  <testcase name="testGetProductList_notFound" classname="com.invento.product.controller.ProductControllerTest" time="0.009"/>
</testsuite>